<?xml version="1.0" encoding="utf-8"?>
<TestRun id="8b436042-a6e1-4257-8503-be26d32e98eb" name="@aardbook 2022-08-03 09:39:50" xmlns="http://microsoft.com/schemas/VisualStudio/TeamTest/2010">
  <Times creation="2022-08-03T09:39:50.6398202+02:00" queuing="2022-08-03T09:39:50.6398203+02:00" start="2022-08-03T09:39:49.8518686+02:00" finish="2022-08-03T09:39:56.6267667+02:00" />
  <TestSettings name="default" id="1b0e7b67-e63b-4c92-9399-b71d51e6826b">
    <Deployment runDeploymentRoot="_aardbook_2022-08-03_09_39_50" />
  </TestSettings>
  <Results>
    <UnitTestResult executionId="40905565-82b8-4b4f-86c6-7bfc1446a475" testId="121ff10d-6509-e51b-0732-2a2edcf4bb88" testName="JitMem.Copy" computerName="aardbook" duration="00:00:00.0050000" startTime="2022-08-03T09:39:50.6146992+02:00" endTime="2022-08-03T09:39:50.6241567+02:00" testType="13cdc9d9-ddb5-4fa4-a97d-d965ccfc6d4b" outcome="Passed" testListId="8c84fa94-04c1-424b-9868-57a2d4851a1d" relativeResultsDirectory="40905565-82b8-4b4f-86c6-7bfc1446a475" />
    <UnitTestResult executionId="41220d3a-3618-4ae7-904d-1ac2b896660a" testId="7b631285-eeb3-ae13-3f34-302044dacadb" testName="JitMem.Executable" computerName="aardbook" duration="00:00:00.0840000" startTime="2022-08-03T09:39:50.5111009+02:00" endTime="2022-08-03T09:39:50.6054169+02:00" testType="13cdc9d9-ddb5-4fa4-a97d-d965ccfc6d4b" outcome="Passed" testListId="8c84fa94-04c1-424b-9868-57a2d4851a1d" relativeResultsDirectory="41220d3a-3618-4ae7-904d-1ac2b896660a" />
    <UnitTestResult executionId="2ab23816-7a09-472d-97a7-6d07f41d2439" testId="04b2e5bb-2a59-b0d0-d03e-632cf19cfac0" testName="JitMem.DirectInt" computerName="aardbook" duration="00:00:00.0890000" startTime="2022-08-03T09:39:50.5113825+02:00" endTime="2022-08-03T09:39:50.6066249+02:00" testType="13cdc9d9-ddb5-4fa4-a97d-d965ccfc6d4b" outcome="Passed" testListId="8c84fa94-04c1-424b-9868-57a2d4851a1d" relativeResultsDirectory="2ab23816-7a09-472d-97a7-6d07f41d2439" />
    <UnitTestResult executionId="8ce94347-61aa-4679-a854-d754edc7f36b" testId="9a7ea77a-7075-f575-366c-6e41cca5df56" testName="JitMem.ConsistentWriteRead" computerName="aardbook" duration="00:00:00.2640000" startTime="2022-08-03T09:39:50.5109077+02:00" endTime="2022-08-03T09:39:50.7819102+02:00" testType="13cdc9d9-ddb5-4fa4-a97d-d965ccfc6d4b" outcome="Passed" testListId="8c84fa94-04c1-424b-9868-57a2d4851a1d" relativeResultsDirectory="8ce94347-61aa-4679-a854-d754edc7f36b" />
    <UnitTestResult executionId="8ffe8c2d-3605-4def-9e79-8d997b3265bc" testId="308203a1-f823-011b-e959-8345eb0de009" testName="JitMem.Add" computerName="aardbook" duration="00:00:00.0050000" startTime="2022-08-03T09:39:50.6146752+02:00" endTime="2022-08-03T09:39:50.6241720+02:00" testType="13cdc9d9-ddb5-4fa4-a97d-d965ccfc6d4b" outcome="Passed" testListId="8c84fa94-04c1-424b-9868-57a2d4851a1d" relativeResultsDirectory="8ffe8c2d-3605-4def-9e79-8d997b3265bc" />
    <UnitTestResult executionId="1b5d254f-198b-412f-9e64-8d8133009bb7" testId="300b3a29-89ba-38fd-590a-179c14efcb84" testName="JitMem.IndirectFloat32" computerName="aardbook" duration="00:00:00.0690000" startTime="2022-08-03T09:39:50.5116122+02:00" endTime="2022-08-03T09:39:50.6067389+02:00" testType="13cdc9d9-ddb5-4fa4-a97d-d965ccfc6d4b" outcome="Passed" testListId="8c84fa94-04c1-424b-9868-57a2d4851a1d" relativeResultsDirectory="1b5d254f-198b-412f-9e64-8d8133009bb7" />
    <UnitTestResult executionId="d67a758a-5464-4fe2-8058-7f89e0a2fbe1" testId="a015017c-12c4-c271-5a7f-ac77646b3d43" testName="JitMem.ConditionalForwardJump" computerName="aardbook" duration="00:00:00.0090000" startTime="2022-08-03T09:39:50.6248353+02:00" endTime="2022-08-03T09:39:50.6340200+02:00" testType="13cdc9d9-ddb5-4fa4-a97d-d965ccfc6d4b" outcome="Passed" testListId="8c84fa94-04c1-424b-9868-57a2d4851a1d" relativeResultsDirectory="d67a758a-5464-4fe2-8058-7f89e0a2fbe1" />
    <UnitTestResult executionId="efe152aa-ad52-4266-b54c-affc17716384" testId="062d2a53-eabc-f9df-2051-13adef6a4215" testName="JitMem.ManyInts" computerName="aardbook" duration="00:00:00.0080000" startTime="2022-08-03T09:39:50.5991591+02:00" endTime="2022-08-03T09:39:50.6111100+02:00" testType="13cdc9d9-ddb5-4fa4-a97d-d965ccfc6d4b" outcome="Passed" testListId="8c84fa94-04c1-424b-9868-57a2d4851a1d" relativeResultsDirectory="efe152aa-ad52-4266-b54c-affc17716384" />
    <UnitTestResult executionId="a06482a6-2327-40e9-ab10-64e10b92eba1" testId="545e71a6-3285-0d6f-3821-2681254ebddb" testName="JitMem.ManyFloats" computerName="aardbook" duration="00:00:00.0050000" startTime="2022-08-03T09:39:50.6146526+02:00" endTime="2022-08-03T09:39:50.6232461+02:00" testType="13cdc9d9-ddb5-4fa4-a97d-d965ccfc6d4b" outcome="Passed" testListId="8c84fa94-04c1-424b-9868-57a2d4851a1d" relativeResultsDirectory="a06482a6-2327-40e9-ab10-64e10b92eba1" />
    <UnitTestResult executionId="46bd8c13-86b5-45dc-80d8-93dbd87ecf87" testId="c99854ed-c2db-951e-68b3-6c2038d6d498" testName="JitMem.PushPop" computerName="aardbook" duration="00:00:00.0020000" startTime="2022-08-03T09:39:50.6179280+02:00" endTime="2022-08-03T09:39:50.6249200+02:00" testType="13cdc9d9-ddb5-4fa4-a97d-d965ccfc6d4b" outcome="Passed" testListId="8c84fa94-04c1-424b-9868-57a2d4851a1d" relativeResultsDirectory="46bd8c13-86b5-45dc-80d8-93dbd87ecf87" />
    <UnitTestResult executionId="64fdd369-04c9-48e3-ade5-00583deb1139" testId="802b700b-18e9-6ac9-c6d8-735e960528ce" testName="JitMem.CanAllocAndFree" computerName="aardbook" duration="00:00:00.0800000" startTime="2022-08-03T09:39:50.5104257+02:00" endTime="2022-08-03T09:39:50.6054218+02:00" testType="13cdc9d9-ddb5-4fa4-a97d-d965ccfc6d4b" outcome="Passed" testListId="8c84fa94-04c1-424b-9868-57a2d4851a1d" relativeResultsDirectory="64fdd369-04c9-48e3-ade5-00583deb1139" />
    <UnitTestResult executionId="790fff5d-b08d-4c2b-bc86-52efd0a77af5" testId="7895efa9-cf8b-503a-5c30-4290238b7ffa" testName="JitMem.IndirectNativeInt" computerName="aardbook" duration="00:00:00.0890000" startTime="2022-08-03T09:39:50.5112414+02:00" endTime="2022-08-03T09:39:50.6067389+02:00" testType="13cdc9d9-ddb5-4fa4-a97d-d965ccfc6d4b" outcome="Passed" testListId="8c84fa94-04c1-424b-9868-57a2d4851a1d" relativeResultsDirectory="790fff5d-b08d-4c2b-bc86-52efd0a77af5" />
    <UnitTestResult executionId="6f84e36e-7c06-46e0-986e-d29bcafcbec6" testId="c6ccef3d-9948-2eb8-db00-2521bc7c958e" testName="JitMem.ManyMixed" computerName="aardbook" duration="00:00:00.0050000" startTime="2022-08-03T09:39:50.6146559+02:00" endTime="2022-08-03T09:39:50.6232501+02:00" testType="13cdc9d9-ddb5-4fa4-a97d-d965ccfc6d4b" outcome="Passed" testListId="8c84fa94-04c1-424b-9868-57a2d4851a1d" relativeResultsDirectory="6f84e36e-7c06-46e0-986e-d29bcafcbec6" />
    <UnitTestResult executionId="348534d8-649c-4a78-af52-4c037217b3c9" testId="cba45960-0726-6acf-b7ef-e2a2974f8707" testName="FragmentTests.NAryCalls" computerName="aardbook" duration="00:00:05.9280000" startTime="2022-08-03T09:39:50.6248639+02:00" endTime="2022-08-03T09:39:56.5537160+02:00" testType="13cdc9d9-ddb5-4fa4-a97d-d965ccfc6d4b" outcome="Passed" testListId="8c84fa94-04c1-424b-9868-57a2d4851a1d" relativeResultsDirectory="348534d8-649c-4a78-af52-4c037217b3c9" />
    <UnitTestResult executionId="1fe69b79-fff1-4aac-a556-f8a998c2759e" testId="6f6c671e-4c2d-e6ed-9fc6-cec15f1ea305" testName="JitMem.DirectNativeInt" computerName="aardbook" duration="00:00:00.0890000" startTime="2022-08-03T09:39:50.5112439+02:00" endTime="2022-08-03T09:39:50.6067389+02:00" testType="13cdc9d9-ddb5-4fa4-a97d-d965ccfc6d4b" outcome="Passed" testListId="8c84fa94-04c1-424b-9868-57a2d4851a1d" relativeResultsDirectory="1fe69b79-fff1-4aac-a556-f8a998c2759e" />
    <UnitTestResult executionId="b5cc371c-503d-461f-b2ca-cc14e9d86b88" testId="003ca340-50d4-1f95-a897-3faa5cd7f2be" testName="FragmentTests.SimpleAddRemove" computerName="aardbook" duration="00:00:00.0310000" startTime="2022-08-03T09:39:50.6248450+02:00" endTime="2022-08-03T09:39:50.6568299+02:00" testType="13cdc9d9-ddb5-4fa4-a97d-d965ccfc6d4b" outcome="Passed" testListId="8c84fa94-04c1-424b-9868-57a2d4851a1d" relativeResultsDirectory="b5cc371c-503d-461f-b2ca-cc14e9d86b88" />
    <UnitTestResult executionId="8c3806a7-aa0c-47d2-9f9f-d42d61c82c4b" testId="aadec0f1-b296-65e3-d712-8411bc73fd84" testName="JitMem.DirectFloat32" computerName="aardbook" duration="00:00:00.0890000" startTime="2022-08-03T09:39:50.5114051+02:00" endTime="2022-08-03T09:39:50.6067312+02:00" testType="13cdc9d9-ddb5-4fa4-a97d-d965ccfc6d4b" outcome="Passed" testListId="8c84fa94-04c1-424b-9868-57a2d4851a1d" relativeResultsDirectory="8c3806a7-aa0c-47d2-9f9f-d42d61c82c4b" />
    <UnitTestResult executionId="5b2ffff9-7599-4743-a050-7ee72e012669" testId="0e33e21d-29d4-2df3-dd70-f015ed50b814" testName="JitMem.Store" computerName="aardbook" duration="00:00:00.0050000" startTime="2022-08-03T09:39:50.6146598+02:00" endTime="2022-08-03T09:39:50.6241670+02:00" testType="13cdc9d9-ddb5-4fa4-a97d-d965ccfc6d4b" outcome="Passed" testListId="8c84fa94-04c1-424b-9868-57a2d4851a1d" relativeResultsDirectory="5b2ffff9-7599-4743-a050-7ee72e012669" />
    <UnitTestResult executionId="c82ef86c-cbdc-45c0-83ab-99edf1b0a733" testId="3be4d270-ad42-1023-ff2b-c281e155a128" testName="JitMem.IndirectInt" computerName="aardbook" duration="00:00:00.0890000" startTime="2022-08-03T09:39:50.5115674+02:00" endTime="2022-08-03T09:39:50.6066338+02:00" testType="13cdc9d9-ddb5-4fa4-a97d-d965ccfc6d4b" outcome="Passed" testListId="8c84fa94-04c1-424b-9868-57a2d4851a1d" relativeResultsDirectory="c82ef86c-cbdc-45c0-83ab-99edf1b0a733" />
    <UnitTestResult executionId="05133966-58ba-4b71-8d6f-9e8a673674c1" testId="7f2eabad-0b0e-ddf6-9bc3-70b66053d287" testName="FragmentTests.InsertRemove" computerName="aardbook" duration="00:00:04.8030000" startTime="2022-08-03T09:39:50.6248638+02:00" endTime="2022-08-03T09:39:55.4294215+02:00" testType="13cdc9d9-ddb5-4fa4-a97d-d965ccfc6d4b" outcome="Passed" testListId="8c84fa94-04c1-424b-9868-57a2d4851a1d" relativeResultsDirectory="05133966-58ba-4b71-8d6f-9e8a673674c1" />
    <UnitTestResult executionId="096ca337-25f8-4c45-81c2-b951dc3ef9b9" testId="1d290175-972f-0bbd-df0d-0d6650770a95" testName="JitMem.IndirectFloat64" computerName="aardbook" duration="00:00:00.0690000" startTime="2022-08-03T09:39:50.5117631+02:00" endTime="2022-08-03T09:39:50.6074448+02:00" testType="13cdc9d9-ddb5-4fa4-a97d-d965ccfc6d4b" outcome="Passed" testListId="8c84fa94-04c1-424b-9868-57a2d4851a1d" relativeResultsDirectory="096ca337-25f8-4c45-81c2-b951dc3ef9b9" />
    <UnitTestResult executionId="4ccfec72-1990-4d74-8893-0e3320f1b57f" testId="6fbbe767-a6e3-889b-a507-bb2a79e31679" testName="JitMem.Mul" computerName="aardbook" duration="00:00:00.0050000" startTime="2022-08-03T09:39:50.6146997+02:00" endTime="2022-08-03T09:39:50.6241722+02:00" testType="13cdc9d9-ddb5-4fa4-a97d-d965ccfc6d4b" outcome="Passed" testListId="8c84fa94-04c1-424b-9868-57a2d4851a1d" relativeResultsDirectory="4ccfec72-1990-4d74-8893-0e3320f1b57f" />
    <UnitTestResult executionId="39ba2423-55f3-4ec4-b367-6b946abe13e7" testId="890e36fd-bf84-ca5e-6edf-18e857baf3df" testName="JitMem.CanCopyTo" computerName="aardbook" duration="00:00:00.0800000" startTime="2022-08-03T09:39:50.5104863+02:00" endTime="2022-08-03T09:39:50.6066375+02:00" testType="13cdc9d9-ddb5-4fa4-a97d-d965ccfc6d4b" outcome="Passed" testListId="8c84fa94-04c1-424b-9868-57a2d4851a1d" relativeResultsDirectory="39ba2423-55f3-4ec4-b367-6b946abe13e7" />
    <UnitTestResult executionId="4283a5fd-74fb-4214-8060-9a9b0789bd1b" testId="77c3160a-828e-1e76-51ca-0f0e1c32b892" testName="JitMem.UnconditionalForwardJump" computerName="aardbook" duration="00:00:00.0090000" startTime="2022-08-03T09:39:50.6248224+02:00" endTime="2022-08-03T09:39:50.6340201+02:00" testType="13cdc9d9-ddb5-4fa4-a97d-d965ccfc6d4b" outcome="Passed" testListId="8c84fa94-04c1-424b-9868-57a2d4851a1d" relativeResultsDirectory="4283a5fd-74fb-4214-8060-9a9b0789bd1b" />
  </Results>
  <TestDefinitions>
    <UnitTest name="JitMem.ManyFloats" storage="/home/aardvark/development/aardvark.assembler/bin/debug/net6.0/tests.dll" id="545e71a6-3285-0d6f-3821-2681254ebddb">
      <Execution id="a06482a6-2327-40e9-ab10-64e10b92eba1" />
      <TestMethod codeBase="/home/aardvark/Development/aardvark.assembler/bin/Debug/net6.0/Tests.dll" adapterTypeName="executor://yolodev/expecto" className="JitMem" name="ManyFloats" />
    </UnitTest>
    <UnitTest name="JitMem.Add" storage="/home/aardvark/development/aardvark.assembler/bin/debug/net6.0/tests.dll" id="308203a1-f823-011b-e959-8345eb0de009">
      <Execution id="8ffe8c2d-3605-4def-9e79-8d997b3265bc" />
      <TestMethod codeBase="/home/aardvark/Development/aardvark.assembler/bin/Debug/net6.0/Tests.dll" adapterTypeName="executor://yolodev/expecto" className="JitMem" name="Add" />
    </UnitTest>
    <UnitTest name="JitMem.IndirectNativeInt" storage="/home/aardvark/development/aardvark.assembler/bin/debug/net6.0/tests.dll" id="7895efa9-cf8b-503a-5c30-4290238b7ffa">
      <Execution id="790fff5d-b08d-4c2b-bc86-52efd0a77af5" />
      <TestMethod codeBase="/home/aardvark/Development/aardvark.assembler/bin/Debug/net6.0/Tests.dll" adapterTypeName="executor://yolodev/expecto" className="JitMem" name="IndirectNativeInt" />
    </UnitTest>
    <UnitTest name="JitMem.IndirectInt" storage="/home/aardvark/development/aardvark.assembler/bin/debug/net6.0/tests.dll" id="3be4d270-ad42-1023-ff2b-c281e155a128">
      <Execution id="c82ef86c-cbdc-45c0-83ab-99edf1b0a733" />
      <TestMethod codeBase="/home/aardvark/Development/aardvark.assembler/bin/Debug/net6.0/Tests.dll" adapterTypeName="executor://yolodev/expecto" className="JitMem" name="IndirectInt" />
    </UnitTest>
    <UnitTest name="JitMem.Copy" storage="/home/aardvark/development/aardvark.assembler/bin/debug/net6.0/tests.dll" id="121ff10d-6509-e51b-0732-2a2edcf4bb88">
      <Execution id="40905565-82b8-4b4f-86c6-7bfc1446a475" />
      <TestMethod codeBase="/home/aardvark/Development/aardvark.assembler/bin/Debug/net6.0/Tests.dll" adapterTypeName="executor://yolodev/expecto" className="JitMem" name="Copy" />
    </UnitTest>
    <UnitTest name="JitMem.DirectNativeInt" storage="/home/aardvark/development/aardvark.assembler/bin/debug/net6.0/tests.dll" id="6f6c671e-4c2d-e6ed-9fc6-cec15f1ea305">
      <Execution id="1fe69b79-fff1-4aac-a556-f8a998c2759e" />
      <TestMethod codeBase="/home/aardvark/Development/aardvark.assembler/bin/Debug/net6.0/Tests.dll" adapterTypeName="executor://yolodev/expecto" className="JitMem" name="DirectNativeInt" />
    </UnitTest>
    <UnitTest name="FragmentTests.InsertRemove" storage="/home/aardvark/development/aardvark.assembler/bin/debug/net6.0/tests.dll" id="7f2eabad-0b0e-ddf6-9bc3-70b66053d287">
      <Execution id="05133966-58ba-4b71-8d6f-9e8a673674c1" />
      <TestMethod codeBase="/home/aardvark/Development/aardvark.assembler/bin/Debug/net6.0/Tests.dll" adapterTypeName="executor://yolodev/expecto" className="FragmentTests" name="InsertRemove" />
    </UnitTest>
    <UnitTest name="JitMem.DirectFloat32" storage="/home/aardvark/development/aardvark.assembler/bin/debug/net6.0/tests.dll" id="aadec0f1-b296-65e3-d712-8411bc73fd84">
      <Execution id="8c3806a7-aa0c-47d2-9f9f-d42d61c82c4b" />
      <TestMethod codeBase="/home/aardvark/Development/aardvark.assembler/bin/Debug/net6.0/Tests.dll" adapterTypeName="executor://yolodev/expecto" className="JitMem" name="DirectFloat32" />
    </UnitTest>
    <UnitTest name="FragmentTests.NAryCalls" storage="/home/aardvark/development/aardvark.assembler/bin/debug/net6.0/tests.dll" id="cba45960-0726-6acf-b7ef-e2a2974f8707">
      <Execution id="348534d8-649c-4a78-af52-4c037217b3c9" />
      <TestMethod codeBase="/home/aardvark/Development/aardvark.assembler/bin/Debug/net6.0/Tests.dll" adapterTypeName="executor://yolodev/expecto" className="FragmentTests" name="NAryCalls" />
    </UnitTest>
    <UnitTest name="JitMem.Store" storage="/home/aardvark/development/aardvark.assembler/bin/debug/net6.0/tests.dll" id="0e33e21d-29d4-2df3-dd70-f015ed50b814">
      <Execution id="5b2ffff9-7599-4743-a050-7ee72e012669" />
      <TestMethod codeBase="/home/aardvark/Development/aardvark.assembler/bin/Debug/net6.0/Tests.dll" adapterTypeName="executor://yolodev/expecto" className="JitMem" name="Store" />
    </UnitTest>
    <UnitTest name="JitMem.ManyInts" storage="/home/aardvark/development/aardvark.assembler/bin/debug/net6.0/tests.dll" id="062d2a53-eabc-f9df-2051-13adef6a4215">
      <Execution id="efe152aa-ad52-4266-b54c-affc17716384" />
      <TestMethod codeBase="/home/aardvark/Development/aardvark.assembler/bin/Debug/net6.0/Tests.dll" adapterTypeName="executor://yolodev/expecto" className="JitMem" name="ManyInts" />
    </UnitTest>
    <UnitTest name="JitMem.Executable" storage="/home/aardvark/development/aardvark.assembler/bin/debug/net6.0/tests.dll" id="7b631285-eeb3-ae13-3f34-302044dacadb">
      <Execution id="41220d3a-3618-4ae7-904d-1ac2b896660a" />
      <TestMethod codeBase="/home/aardvark/Development/aardvark.assembler/bin/Debug/net6.0/Tests.dll" adapterTypeName="executor://yolodev/expecto" className="JitMem" name="Executable" />
    </UnitTest>
    <UnitTest name="JitMem.ConsistentWriteRead" storage="/home/aardvark/development/aardvark.assembler/bin/debug/net6.0/tests.dll" id="9a7ea77a-7075-f575-366c-6e41cca5df56">
      <Execution id="8ce94347-61aa-4679-a854-d754edc7f36b" />
      <TestMethod codeBase="/home/aardvark/Development/aardvark.assembler/bin/Debug/net6.0/Tests.dll" adapterTypeName="executor://yolodev/expecto" className="JitMem" name="ConsistentWriteRead" />
    </UnitTest>
    <UnitTest name="FragmentTests.SimpleAddRemove" storage="/home/aardvark/development/aardvark.assembler/bin/debug/net6.0/tests.dll" id="003ca340-50d4-1f95-a897-3faa5cd7f2be">
      <Execution id="b5cc371c-503d-461f-b2ca-cc14e9d86b88" />
      <TestMethod codeBase="/home/aardvark/Development/aardvark.assembler/bin/Debug/net6.0/Tests.dll" adapterTypeName="executor://yolodev/expecto" className="FragmentTests" name="SimpleAddRemove" />
    </UnitTest>
    <UnitTest name="JitMem.ConditionalForwardJump" storage="/home/aardvark/development/aardvark.assembler/bin/debug/net6.0/tests.dll" id="a015017c-12c4-c271-5a7f-ac77646b3d43">
      <Execution id="d67a758a-5464-4fe2-8058-7f89e0a2fbe1" />
      <TestMethod codeBase="/home/aardvark/Development/aardvark.assembler/bin/Debug/net6.0/Tests.dll" adapterTypeName="executor://yolodev/expecto" className="JitMem" name="ConditionalForwardJump" />
    </UnitTest>
    <UnitTest name="JitMem.UnconditionalForwardJump" storage="/home/aardvark/development/aardvark.assembler/bin/debug/net6.0/tests.dll" id="77c3160a-828e-1e76-51ca-0f0e1c32b892">
      <Execution id="4283a5fd-74fb-4214-8060-9a9b0789bd1b" />
      <TestMethod codeBase="/home/aardvark/Development/aardvark.assembler/bin/Debug/net6.0/Tests.dll" adapterTypeName="executor://yolodev/expecto" className="JitMem" name="UnconditionalForwardJump" />
    </UnitTest>
    <UnitTest name="JitMem.IndirectFloat32" storage="/home/aardvark/development/aardvark.assembler/bin/debug/net6.0/tests.dll" id="300b3a29-89ba-38fd-590a-179c14efcb84">
      <Execution id="1b5d254f-198b-412f-9e64-8d8133009bb7" />
      <TestMethod codeBase="/home/aardvark/Development/aardvark.assembler/bin/Debug/net6.0/Tests.dll" adapterTypeName="executor://yolodev/expecto" className="JitMem" name="IndirectFloat32" />
    </UnitTest>
    <UnitTest name="JitMem.CanAllocAndFree" storage="/home/aardvark/development/aardvark.assembler/bin/debug/net6.0/tests.dll" id="802b700b-18e9-6ac9-c6d8-735e960528ce">
      <Execution id="64fdd369-04c9-48e3-ade5-00583deb1139" />
      <TestMethod codeBase="/home/aardvark/Development/aardvark.assembler/bin/Debug/net6.0/Tests.dll" adapterTypeName="executor://yolodev/expecto" className="JitMem" name="CanAllocAndFree" />
    </UnitTest>
    <UnitTest name="JitMem.DirectInt" storage="/home/aardvark/development/aardvark.assembler/bin/debug/net6.0/tests.dll" id="04b2e5bb-2a59-b0d0-d03e-632cf19cfac0">
      <Execution id="2ab23816-7a09-472d-97a7-6d07f41d2439" />
      <TestMethod codeBase="/home/aardvark/Development/aardvark.assembler/bin/Debug/net6.0/Tests.dll" adapterTypeName="executor://yolodev/expecto" className="JitMem" name="DirectInt" />
    </UnitTest>
    <UnitTest name="JitMem.PushPop" storage="/home/aardvark/development/aardvark.assembler/bin/debug/net6.0/tests.dll" id="c99854ed-c2db-951e-68b3-6c2038d6d498">
      <Execution id="46bd8c13-86b5-45dc-80d8-93dbd87ecf87" />
      <TestMethod codeBase="/home/aardvark/Development/aardvark.assembler/bin/Debug/net6.0/Tests.dll" adapterTypeName="executor://yolodev/expecto" className="JitMem" name="PushPop" />
    </UnitTest>
    <UnitTest name="JitMem.CanCopyTo" storage="/home/aardvark/development/aardvark.assembler/bin/debug/net6.0/tests.dll" id="890e36fd-bf84-ca5e-6edf-18e857baf3df">
      <Execution id="39ba2423-55f3-4ec4-b367-6b946abe13e7" />
      <TestMethod codeBase="/home/aardvark/Development/aardvark.assembler/bin/Debug/net6.0/Tests.dll" adapterTypeName="executor://yolodev/expecto" className="JitMem" name="CanCopyTo" />
    </UnitTest>
    <UnitTest name="JitMem.IndirectFloat64" storage="/home/aardvark/development/aardvark.assembler/bin/debug/net6.0/tests.dll" id="1d290175-972f-0bbd-df0d-0d6650770a95">
      <Execution id="096ca337-25f8-4c45-81c2-b951dc3ef9b9" />
      <TestMethod codeBase="/home/aardvark/Development/aardvark.assembler/bin/Debug/net6.0/Tests.dll" adapterTypeName="executor://yolodev/expecto" className="JitMem" name="IndirectFloat64" />
    </UnitTest>
    <UnitTest name="JitMem.ManyMixed" storage="/home/aardvark/development/aardvark.assembler/bin/debug/net6.0/tests.dll" id="c6ccef3d-9948-2eb8-db00-2521bc7c958e">
      <Execution id="6f84e36e-7c06-46e0-986e-d29bcafcbec6" />
      <TestMethod codeBase="/home/aardvark/Development/aardvark.assembler/bin/Debug/net6.0/Tests.dll" adapterTypeName="executor://yolodev/expecto" className="JitMem" name="ManyMixed" />
    </UnitTest>
    <UnitTest name="JitMem.Mul" storage="/home/aardvark/development/aardvark.assembler/bin/debug/net6.0/tests.dll" id="6fbbe767-a6e3-889b-a507-bb2a79e31679">
      <Execution id="4ccfec72-1990-4d74-8893-0e3320f1b57f" />
      <TestMethod codeBase="/home/aardvark/Development/aardvark.assembler/bin/Debug/net6.0/Tests.dll" adapterTypeName="executor://yolodev/expecto" className="JitMem" name="Mul" />
    </UnitTest>
  </TestDefinitions>
  <TestEntries>
    <TestEntry testId="121ff10d-6509-e51b-0732-2a2edcf4bb88" executionId="40905565-82b8-4b4f-86c6-7bfc1446a475" testListId="8c84fa94-04c1-424b-9868-57a2d4851a1d" />
    <TestEntry testId="7b631285-eeb3-ae13-3f34-302044dacadb" executionId="41220d3a-3618-4ae7-904d-1ac2b896660a" testListId="8c84fa94-04c1-424b-9868-57a2d4851a1d" />
    <TestEntry testId="04b2e5bb-2a59-b0d0-d03e-632cf19cfac0" executionId="2ab23816-7a09-472d-97a7-6d07f41d2439" testListId="8c84fa94-04c1-424b-9868-57a2d4851a1d" />
    <TestEntry testId="9a7ea77a-7075-f575-366c-6e41cca5df56" executionId="8ce94347-61aa-4679-a854-d754edc7f36b" testListId="8c84fa94-04c1-424b-9868-57a2d4851a1d" />
    <TestEntry testId="308203a1-f823-011b-e959-8345eb0de009" executionId="8ffe8c2d-3605-4def-9e79-8d997b3265bc" testListId="8c84fa94-04c1-424b-9868-57a2d4851a1d" />
    <TestEntry testId="300b3a29-89ba-38fd-590a-179c14efcb84" executionId="1b5d254f-198b-412f-9e64-8d8133009bb7" testListId="8c84fa94-04c1-424b-9868-57a2d4851a1d" />
    <TestEntry testId="a015017c-12c4-c271-5a7f-ac77646b3d43" executionId="d67a758a-5464-4fe2-8058-7f89e0a2fbe1" testListId="8c84fa94-04c1-424b-9868-57a2d4851a1d" />
    <TestEntry testId="062d2a53-eabc-f9df-2051-13adef6a4215" executionId="efe152aa-ad52-4266-b54c-affc17716384" testListId="8c84fa94-04c1-424b-9868-57a2d4851a1d" />
    <TestEntry testId="545e71a6-3285-0d6f-3821-2681254ebddb" executionId="a06482a6-2327-40e9-ab10-64e10b92eba1" testListId="8c84fa94-04c1-424b-9868-57a2d4851a1d" />
    <TestEntry testId="c99854ed-c2db-951e-68b3-6c2038d6d498" executionId="46bd8c13-86b5-45dc-80d8-93dbd87ecf87" testListId="8c84fa94-04c1-424b-9868-57a2d4851a1d" />
    <TestEntry testId="802b700b-18e9-6ac9-c6d8-735e960528ce" executionId="64fdd369-04c9-48e3-ade5-00583deb1139" testListId="8c84fa94-04c1-424b-9868-57a2d4851a1d" />
    <TestEntry testId="7895efa9-cf8b-503a-5c30-4290238b7ffa" executionId="790fff5d-b08d-4c2b-bc86-52efd0a77af5" testListId="8c84fa94-04c1-424b-9868-57a2d4851a1d" />
    <TestEntry testId="c6ccef3d-9948-2eb8-db00-2521bc7c958e" executionId="6f84e36e-7c06-46e0-986e-d29bcafcbec6" testListId="8c84fa94-04c1-424b-9868-57a2d4851a1d" />
    <TestEntry testId="cba45960-0726-6acf-b7ef-e2a2974f8707" executionId="348534d8-649c-4a78-af52-4c037217b3c9" testListId="8c84fa94-04c1-424b-9868-57a2d4851a1d" />
    <TestEntry testId="6f6c671e-4c2d-e6ed-9fc6-cec15f1ea305" executionId="1fe69b79-fff1-4aac-a556-f8a998c2759e" testListId="8c84fa94-04c1-424b-9868-57a2d4851a1d" />
    <TestEntry testId="003ca340-50d4-1f95-a897-3faa5cd7f2be" executionId="b5cc371c-503d-461f-b2ca-cc14e9d86b88" testListId="8c84fa94-04c1-424b-9868-57a2d4851a1d" />
    <TestEntry testId="aadec0f1-b296-65e3-d712-8411bc73fd84" executionId="8c3806a7-aa0c-47d2-9f9f-d42d61c82c4b" testListId="8c84fa94-04c1-424b-9868-57a2d4851a1d" />
    <TestEntry testId="0e33e21d-29d4-2df3-dd70-f015ed50b814" executionId="5b2ffff9-7599-4743-a050-7ee72e012669" testListId="8c84fa94-04c1-424b-9868-57a2d4851a1d" />
    <TestEntry testId="3be4d270-ad42-1023-ff2b-c281e155a128" executionId="c82ef86c-cbdc-45c0-83ab-99edf1b0a733" testListId="8c84fa94-04c1-424b-9868-57a2d4851a1d" />
    <TestEntry testId="7f2eabad-0b0e-ddf6-9bc3-70b66053d287" executionId="05133966-58ba-4b71-8d6f-9e8a673674c1" testListId="8c84fa94-04c1-424b-9868-57a2d4851a1d" />
    <TestEntry testId="1d290175-972f-0bbd-df0d-0d6650770a95" executionId="096ca337-25f8-4c45-81c2-b951dc3ef9b9" testListId="8c84fa94-04c1-424b-9868-57a2d4851a1d" />
    <TestEntry testId="6fbbe767-a6e3-889b-a507-bb2a79e31679" executionId="4ccfec72-1990-4d74-8893-0e3320f1b57f" testListId="8c84fa94-04c1-424b-9868-57a2d4851a1d" />
    <TestEntry testId="890e36fd-bf84-ca5e-6edf-18e857baf3df" executionId="39ba2423-55f3-4ec4-b367-6b946abe13e7" testListId="8c84fa94-04c1-424b-9868-57a2d4851a1d" />
    <TestEntry testId="77c3160a-828e-1e76-51ca-0f0e1c32b892" executionId="4283a5fd-74fb-4214-8060-9a9b0789bd1b" testListId="8c84fa94-04c1-424b-9868-57a2d4851a1d" />
  </TestEntries>
  <TestLists>
    <TestList name="Results Not in a List" id="8c84fa94-04c1-424b-9868-57a2d4851a1d" />
    <TestList name="All Loaded Results" id="19431567-8539-422a-85d7-44ee4e166bda" />
  </TestLists>
  <ResultSummary outcome="Completed">
    <Counters total="24" executed="24" passed="24" failed="0" error="0" timeout="0" aborted="0" inconclusive="0" passedButRunAborted="0" notRunnable="0" notExecuted="0" disconnected="0" warning="0" completed="0" inProgress="0" pending="0" />
  </ResultSummary>
</TestRun>